{
    "time": "2026-01-14 15:24:23",
    "file": "\/var\/www\/html\/register.php",
    "line": 50,
    "function": "db_query",
    "message": "Query executed successfully",
    "query": "\n            INSERT INTO users (roll, webmail, password, name, phone)\n            VALUES (?, ?, ?, ?, ?)\n        ",
    "trace": [
        {
            "file": "\/var\/www\/html\/db.php",
            "line": 45,
            "function": "log_activity"
        },
        {
            "file": "\/var\/www\/html\/register.php",
            "line": 50,
            "function": "db_query"
        }
    ]
}
{
    "time": "2026-01-14 15:24:23",
    "file": "\/var\/www\/html\/register.php",
    "line": 58,
    "function": "log_activity",
    "message": "User registered successfully",
    "query": "\n            INSERT INTO users (roll, webmail, password, name, phone)\n            VALUES (?, ?, ?, ?, ?)\n        ",
    "trace": [
        {
            "file": "\/var\/www\/html\/register.php",
            "line": 58,
            "function": "log_activity"
        }
    ]
}
{
    "time": "2026-01-14 15:26:58",
    "file": "\/var\/www\/html\/register.php",
    "line": 50,
    "function": "db_query",
    "message": "DB ERROR: Duplicate entry '879798' for key 'users.roll'",
    "query": "\n            INSERT INTO users (roll, webmail, password, name, phone)\n            VALUES (?, ?, ?, ?, ?)\n        ",
    "trace": [
        {
            "file": "\/var\/www\/html\/db.php",
            "line": 52,
            "function": "log_activity"
        },
        {
            "file": "\/var\/www\/html\/register.php",
            "line": 50,
            "function": "db_query"
        }
    ]
}
{
    "time": "2026-01-14 15:26:58",
    "file": "\/var\/www\/html\/register.php",
    "line": 63,
    "function": "log_activity",
    "message": "Registration failed: Database operation failed",
    "query": null,
    "trace": [
        {
            "file": "\/var\/www\/html\/register.php",
            "line": 63,
            "function": "log_activity"
        }
    ]
}
{
    "time": "2026-01-14 15:29:23",
    "file": "\/var\/www\/html\/register.php",
    "line": 51,
    "function": "db_query",
    "message": "DB ERROR: Duplicate entry 'arpit_2411mc13@iitp.ac.in' for key 'users.webmail'",
    "query": "\n            INSERT INTO users (roll, webmail, password, name, phone)\n            VALUES (?, ?, ?, ?, ?)\n        ",
    "trace": [
        {
            "file": "\/var\/www\/html\/db.php",
            "line": 52,
            "function": "log_activity"
        },
        {
            "file": "\/var\/www\/html\/register.php",
            "line": 51,
            "function": "db_query"
        }
    ]
}
{
    "time": "2026-01-14 15:29:23",
    "file": "\/var\/www\/html\/register.php",
    "line": 66,
    "function": "log_activity",
    "message": "Registration failed: Database operation failed",
    "query": null,
    "trace": [
        {
            "file": "\/var\/www\/html\/register.php",
            "line": 66,
            "function": "log_activity"
        }
    ]
}
{
    "time": "2026-01-14 15:29:39",
    "file": "\/var\/www\/html\/register.php",
    "line": 51,
    "function": "db_query",
    "message": "Query executed successfully",
    "query": "\n            INSERT INTO users (roll, webmail, password, name, phone)\n            VALUES (?, ?, ?, ?, ?)\n        ",
    "trace": [
        {
            "file": "\/var\/www\/html\/db.php",
            "line": 45,
            "function": "log_activity"
        },
        {
            "file": "\/var\/www\/html\/register.php",
            "line": 51,
            "function": "db_query"
        }
    ]
}
{
    "time": "2026-01-14 15:29:39",
    "file": "\/var\/www\/html\/register.php",
    "line": 59,
    "function": "log_activity",
    "message": "User registered successfully",
    "query": null,
    "trace": [
        {
            "file": "\/var\/www\/html\/register.php",
            "line": 59,
            "function": "log_activity"
        }
    ]
}
